build/outputs/apk/manifest-merger-debug-report.txt
-- Merging decision tree log ---
manifest
ADDED from AndroidManifest.xml:2:1
	xmlns:android
		ADDED from AndroidManifest.xml:2:11
	package
		ADDED from AndroidManifest.xml:3:5
	android:versionName
		ADDED from AndroidManifest.xml:5:5
	android:versionCode
		ADDED from AndroidManifest.xml:4:5
		INJECTED from AndroidManifest.xml:0:0
		INJECTED from AndroidManifest.xml:0:0
uses-permission#android.permission.RECEIVE_SMS
ADDED from AndroidManifest.xml:7:5
	android:name
		ADDED from AndroidManifest.xml:7:22
uses-permission#android.permission.VIBRATE
ADDED from AndroidManifest.xml:8:5
	android:name
		ADDED from AndroidManifest.xml:8:22
uses-sdk
ADDED from AndroidManifest.xml:10:5
	android:targetSdkVersion
		ADDED from AndroidManifest.xml:12:9
	android:minSdkVersion
		ADDED from AndroidManifest.xml:11:9
application
ADDED from AndroidManifest.xml:14:5
	android:label
		ADDED from AndroidManifest.xml:18:9
	android:allowBackup
		ADDED from AndroidManifest.xml:16:9
	android:icon
		ADDED from AndroidManifest.xml:17:9
	android:theme
		ADDED from AndroidManifest.xml:19:9
	android:name
		ADDED from AndroidManifest.xml:15:9
activity#com_beta.nerdiction_beta.findphonesms_beta.FindMeSmsPreferencesActivity
ADDED from AndroidManifest.xml:21:9
	android:label
		ADDED from AndroidManifest.xml:23:13
	android:name
		ADDED from AndroidManifest.xml:22:13
intent-filter#android.intent.action.MAIN+android.intent.category.LAUNCHER
ADDED from AndroidManifest.xml:24:13
action#android.intent.action.MAIN
ADDED from AndroidManifest.xml:25:17
	android:name
		ADDED from AndroidManifest.xml:25:25
category#android.intent.category.LAUNCHER
ADDED from AndroidManifest.xml:27:17
	android:name
		ADDED from AndroidManifest.xml:27:27
activity#com_beta.nerdiction_beta.findphonesms_beta.ShutAlarmOff
ADDED from AndroidManifest.xml:31:9
	android:label
		ADDED from AndroidManifest.xml:33:13
	android:name
		ADDED from AndroidManifest.xml:32:13
receiver#com_beta.nerdiction_beta.findphonesms_beta.SmsListener
ADDED from AndroidManifest.xml:36:9
	android:name
		ADDED from AndroidManifest.xml:36:19
intent-filter#android.provider.Telephony.SMS_RECEIVED
ADDED from AndroidManifest.xml:37:13
	android:priority
		ADDED from AndroidManifest.xml:37:28
action#android.provider.Telephony.SMS_RECEIVED
ADDED from AndroidManifest.xml:38:17
	android:name
		ADDED from AndroidManifest.xml:38:25